<?xml version="1.0" encoding="UTF-8"?>
<!-- Generated by org.testng.reporters.JUnitReportReporter -->
<testsuite hostname="THOMAS" failures="0" tests="1" name="testp.RncTest" time="56.649" errors="0" timestamp="2024-03-22T20:55:40 IST" skipped="0">
  <testcase classname="testp.RncTest" name="verifyLoginWithValidCred" time="56.649"/>
</testsuite> <!-- testp.RncTest -->
